Dadou : DADOU : 5 : Johan
Dadou : anxiety : 5 : Johan
Dadou : arrhythmias : 3 : Johan
Dadou : blindness : 1 : Johan
Dadou : blurred vision : 5 : Johan
Dadou : constricted pupils : 3 : Johan
Dadou : corona : 8 : Johan
Dadou : cough : 6 : Johan
Dadou : dialated pupils : 4 : Johan
Dadou : dizziness : 5 : Johan
Dadou : dry mouth : 8 : Johan
Dadou : fever : 7 : Johan
Dadou : headache : 3 : Johan
Dadou : high blood pressure : 10 : Johan
Dadou : inflamation : 7 : Johan
Dadou : insomnia : 4 : Johan
Dadou : low blood pressure : 4 : Johan
Dadou : nausea : 5 : Johan
Dadou : rapid heart rate : 1 : Johan
Dadou : rash : 4 : Johan
Dadou : shortness of breath : 3 : Johan
Dadou : stiff neck : 4 : Johan
Dadou : stomach pain : 3 : Johan
Dadou : tremor : 4 : Johan
Dadou : water retention : 1 : Johan
